-------------------------------------------------------------------------------
Test set: InsuranceTest
-------------------------------------------------------------------------------
Tests run: 1, Failures: 0, Errors: 1, Skipped: 0, Time elapsed: 0.808 s <<< FAILURE! - in InsuranceTest
travelInsuranceTest(InsuranceTest)  Time elapsed: 0.005 s  <<< ERROR!
java.lang.IllegalStateException: The driver is not executable: /home/test/Git/SeleniumTests/drv/chromedriver.exe

