<?xml version="1.0" encoding="UTF-8"?>
<testsuite xmlns:xsi="http://www.w3.org/2001/XMLSchema-instance" xsi:noNamespaceSchemaLocation="https://maven.apache.org/surefire/maven-surefire-plugin/xsd/surefire-test-report.xsd" name="runners.CucumberRunner" time="249.7" tests="34" errors="2" skipped="28" failures="2">
  <properties>
    <property name="sun.desktop" value="gnome"/>
    <property name="awt.toolkit" value="sun.awt.X11.XToolkit"/>
    <property name="file.encoding.pkg" value="sun.io"/>
    <property name="java.specification.version" value="1.8"/>
    <property name="sun.cpu.isalist" value=""/>
    <property name="sun.jnu.encoding" value="UTF-8"/>
    <property name="java.class.path" value="/home/test/Git/SeleniumTests/target/test-classes:/home/test/Git/SeleniumTests/target/classes:/home/test/.m2/repository/org/seleniumhq/selenium/selenium-chrome-driver/3.8.1/selenium-chrome-driver-3.8.1.jar:/home/test/.m2/repository/org/seleniumhq/selenium/selenium-api/3.8.1/selenium-api-3.8.1.jar:/home/test/.m2/repository/org/seleniumhq/selenium/selenium-remote-driver/3.8.1/selenium-remote-driver-3.8.1.jar:/home/test/.m2/repository/net/bytebuddy/byte-buddy/1.7.5/byte-buddy-1.7.5.jar:/home/test/.m2/repository/org/apache/commons/commons-exec/1.3/commons-exec-1.3.jar:/home/test/.m2/repository/commons-codec/commons-codec/1.10/commons-codec-1.10.jar:/home/test/.m2/repository/commons-logging/commons-logging/1.2/commons-logging-1.2.jar:/home/test/.m2/repository/com/google/code/gson/gson/2.8.2/gson-2.8.2.jar:/home/test/.m2/repository/com/google/guava/guava/23.0/guava-23.0.jar:/home/test/.m2/repository/com/google/code/findbugs/jsr305/1.3.9/jsr305-1.3.9.jar:/home/test/.m2/repository/com/google/errorprone/error_prone_annotations/2.0.18/error_prone_annotations-2.0.18.jar:/home/test/.m2/repository/com/google/j2objc/j2objc-annotations/1.1/j2objc-annotations-1.1.jar:/home/test/.m2/repository/org/codehaus/mojo/animal-sniffer-annotations/1.14/animal-sniffer-annotations-1.14.jar:/home/test/.m2/repository/org/apache/httpcomponents/httpclient/4.5.3/httpclient-4.5.3.jar:/home/test/.m2/repository/org/apache/httpcomponents/httpcore/4.4.6/httpcore-4.4.6.jar:/home/test/.m2/repository/org/seleniumhq/selenium/selenium-java/3.8.1/selenium-java-3.8.1.jar:/home/test/.m2/repository/org/seleniumhq/selenium/selenium-edge-driver/3.8.1/selenium-edge-driver-3.8.1.jar:/home/test/.m2/repository/org/seleniumhq/selenium/selenium-firefox-driver/3.8.1/selenium-firefox-driver-3.8.1.jar:/home/test/.m2/repository/org/seleniumhq/selenium/selenium-ie-driver/3.8.1/selenium-ie-driver-3.8.1.jar:/home/test/.m2/repository/org/seleniumhq/selenium/selenium-opera-driver/3.8.1/selenium-opera-driver-3.8.1.jar:/home/test/.m2/repository/org/seleniumhq/selenium/selenium-safari-driver/3.8.1/selenium-safari-driver-3.8.1.jar:/home/test/.m2/repository/org/seleniumhq/selenium/selenium-support/3.8.1/selenium-support-3.8.1.jar:/home/test/.m2/repository/info/cukes/cucumber-junit/1.2.5/cucumber-junit-1.2.5.jar:/home/test/.m2/repository/info/cukes/cucumber-core/1.2.5/cucumber-core-1.2.5.jar:/home/test/.m2/repository/info/cukes/cucumber-html/0.2.3/cucumber-html-0.2.3.jar:/home/test/.m2/repository/info/cukes/cucumber-jvm-deps/1.0.5/cucumber-jvm-deps-1.0.5.jar:/home/test/.m2/repository/info/cukes/cucumber-java/1.2.5/cucumber-java-1.2.5.jar:/home/test/.m2/repository/junit/junit/4.12/junit-4.12.jar:/home/test/.m2/repository/org/hamcrest/hamcrest-core/1.3/hamcrest-core-1.3.jar:/home/test/.m2/repository/io/qameta/allure/allure-cucumber-jvm/2.8.0/allure-cucumber-jvm-2.8.0.jar:/home/test/.m2/repository/info/cukes/gherkin/2.12.2/gherkin-2.12.2.jar:/home/test/.m2/repository/io/qameta/allure/allure-java-commons/2.8.0/allure-java-commons-2.8.0.jar:/home/test/.m2/repository/io/qameta/allure/allure-model/2.8.0/allure-model-2.8.0.jar:/home/test/.m2/repository/com/fasterxml/jackson/core/jackson-databind/2.9.7/jackson-databind-2.9.7.jar:/home/test/.m2/repository/com/fasterxml/jackson/core/jackson-annotations/2.9.0/jackson-annotations-2.9.0.jar:/home/test/.m2/repository/com/fasterxml/jackson/core/jackson-core/2.9.7/jackson-core-2.9.7.jar:/home/test/.m2/repository/org/apache/tika/tika-core/1.19.1/tika-core-1.19.1.jar:/home/test/.m2/repository/org/aspectj/aspectjrt/1.9.1/aspectjrt-1.9.1.jar:/home/test/.m2/repository/org/jooq/joor-java-8/0.9.9/joor-java-8-0.9.9.jar:/home/test/.m2/repository/org/slf4j/slf4j-api/1.7.25/slf4j-api-1.7.25.jar:"/>
    <property name="java.vm.vendor" value="Oracle Corporation"/>
    <property name="sun.arch.data.model" value="64"/>
    <property name="java.vendor.url" value="http://java.oracle.com/"/>
    <property name="user.timezone" value=""/>
    <property name="java.vm.specification.version" value="1.8"/>
    <property name="os.name" value="Linux"/>
    <property name="user.country" value="US"/>
    <property name="sun.java.launcher" value="SUN_STANDARD"/>
    <property name="sun.boot.library.path" value="/usr/lib/jvm/java-8-oracle/jre/lib/amd64"/>
    <property name="sun.java.command" value="/home/test/Git/SeleniumTests/target/surefire/surefirebooter139364528033806871.jar /home/test/Git/SeleniumTests/target/surefire 2018-11-24T20-58-22_980-jvmRun1 surefire4400163755261570750tmp surefire_06537314029344193844tmp"/>
    <property name="surefire.test.class.path" value="/home/test/Git/SeleniumTests/target/test-classes:/home/test/Git/SeleniumTests/target/classes:/home/test/.m2/repository/org/seleniumhq/selenium/selenium-chrome-driver/3.8.1/selenium-chrome-driver-3.8.1.jar:/home/test/.m2/repository/org/seleniumhq/selenium/selenium-api/3.8.1/selenium-api-3.8.1.jar:/home/test/.m2/repository/org/seleniumhq/selenium/selenium-remote-driver/3.8.1/selenium-remote-driver-3.8.1.jar:/home/test/.m2/repository/net/bytebuddy/byte-buddy/1.7.5/byte-buddy-1.7.5.jar:/home/test/.m2/repository/org/apache/commons/commons-exec/1.3/commons-exec-1.3.jar:/home/test/.m2/repository/commons-codec/commons-codec/1.10/commons-codec-1.10.jar:/home/test/.m2/repository/commons-logging/commons-logging/1.2/commons-logging-1.2.jar:/home/test/.m2/repository/com/google/code/gson/gson/2.8.2/gson-2.8.2.jar:/home/test/.m2/repository/com/google/guava/guava/23.0/guava-23.0.jar:/home/test/.m2/repository/com/google/code/findbugs/jsr305/1.3.9/jsr305-1.3.9.jar:/home/test/.m2/repository/com/google/errorprone/error_prone_annotations/2.0.18/error_prone_annotations-2.0.18.jar:/home/test/.m2/repository/com/google/j2objc/j2objc-annotations/1.1/j2objc-annotations-1.1.jar:/home/test/.m2/repository/org/codehaus/mojo/animal-sniffer-annotations/1.14/animal-sniffer-annotations-1.14.jar:/home/test/.m2/repository/org/apache/httpcomponents/httpclient/4.5.3/httpclient-4.5.3.jar:/home/test/.m2/repository/org/apache/httpcomponents/httpcore/4.4.6/httpcore-4.4.6.jar:/home/test/.m2/repository/org/seleniumhq/selenium/selenium-java/3.8.1/selenium-java-3.8.1.jar:/home/test/.m2/repository/org/seleniumhq/selenium/selenium-edge-driver/3.8.1/selenium-edge-driver-3.8.1.jar:/home/test/.m2/repository/org/seleniumhq/selenium/selenium-firefox-driver/3.8.1/selenium-firefox-driver-3.8.1.jar:/home/test/.m2/repository/org/seleniumhq/selenium/selenium-ie-driver/3.8.1/selenium-ie-driver-3.8.1.jar:/home/test/.m2/repository/org/seleniumhq/selenium/selenium-opera-driver/3.8.1/selenium-opera-driver-3.8.1.jar:/home/test/.m2/repository/org/seleniumhq/selenium/selenium-safari-driver/3.8.1/selenium-safari-driver-3.8.1.jar:/home/test/.m2/repository/org/seleniumhq/selenium/selenium-support/3.8.1/selenium-support-3.8.1.jar:/home/test/.m2/repository/info/cukes/cucumber-junit/1.2.5/cucumber-junit-1.2.5.jar:/home/test/.m2/repository/info/cukes/cucumber-core/1.2.5/cucumber-core-1.2.5.jar:/home/test/.m2/repository/info/cukes/cucumber-html/0.2.3/cucumber-html-0.2.3.jar:/home/test/.m2/repository/info/cukes/cucumber-jvm-deps/1.0.5/cucumber-jvm-deps-1.0.5.jar:/home/test/.m2/repository/info/cukes/cucumber-java/1.2.5/cucumber-java-1.2.5.jar:/home/test/.m2/repository/junit/junit/4.12/junit-4.12.jar:/home/test/.m2/repository/org/hamcrest/hamcrest-core/1.3/hamcrest-core-1.3.jar:/home/test/.m2/repository/io/qameta/allure/allure-cucumber-jvm/2.8.0/allure-cucumber-jvm-2.8.0.jar:/home/test/.m2/repository/info/cukes/gherkin/2.12.2/gherkin-2.12.2.jar:/home/test/.m2/repository/io/qameta/allure/allure-java-commons/2.8.0/allure-java-commons-2.8.0.jar:/home/test/.m2/repository/io/qameta/allure/allure-model/2.8.0/allure-model-2.8.0.jar:/home/test/.m2/repository/com/fasterxml/jackson/core/jackson-databind/2.9.7/jackson-databind-2.9.7.jar:/home/test/.m2/repository/com/fasterxml/jackson/core/jackson-annotations/2.9.0/jackson-annotations-2.9.0.jar:/home/test/.m2/repository/com/fasterxml/jackson/core/jackson-core/2.9.7/jackson-core-2.9.7.jar:/home/test/.m2/repository/org/apache/tika/tika-core/1.19.1/tika-core-1.19.1.jar:/home/test/.m2/repository/org/aspectj/aspectjrt/1.9.1/aspectjrt-1.9.1.jar:/home/test/.m2/repository/org/jooq/joor-java-8/0.9.9/joor-java-8-0.9.9.jar:/home/test/.m2/repository/org/slf4j/slf4j-api/1.7.25/slf4j-api-1.7.25.jar:"/>
    <property name="sun.cpu.endian" value="little"/>
    <property name="allure.results.directory" value="/home/test/Git/SeleniumTests/target/allure-results"/>
    <property name="user.home" value="/home/test"/>
    <property name="user.language" value="en"/>
    <property name="java.specification.vendor" value="Oracle Corporation"/>
    <property name="java.home" value="/usr/lib/jvm/java-8-oracle/jre"/>
    <property name="basedir" value="/home/test/Git/SeleniumTests"/>
    <property name="file.separator" value="/"/>
    <property name="line.separator" value="&#10;"/>
    <property name="java.vm.specification.vendor" value="Oracle Corporation"/>
    <property name="java.specification.name" value="Java Platform API Specification"/>
    <property name="java.awt.graphicsenv" value="sun.awt.X11GraphicsEnvironment"/>
    <property name="surefire.real.class.path" value="/home/test/Git/SeleniumTests/target/surefire/surefirebooter139364528033806871.jar:/home/test/.m2/repository/org/aspectj/aspectjweaver/1.8.10/aspectjweaver-1.8.10.jar"/>
    <property name="sun.boot.class.path" value="/usr/lib/jvm/java-8-oracle/jre/lib/resources.jar:/usr/lib/jvm/java-8-oracle/jre/lib/rt.jar:/usr/lib/jvm/java-8-oracle/jre/lib/sunrsasign.jar:/usr/lib/jvm/java-8-oracle/jre/lib/jsse.jar:/usr/lib/jvm/java-8-oracle/jre/lib/jce.jar:/usr/lib/jvm/java-8-oracle/jre/lib/charsets.jar:/usr/lib/jvm/java-8-oracle/jre/lib/jfr.jar:/usr/lib/jvm/java-8-oracle/jre/classes"/>
    <property name="sun.management.compiler" value="HotSpot 64-Bit Tiered Compilers"/>
    <property name="java.runtime.version" value="1.8.0_181-b13"/>
    <property name="user.name" value="test"/>
    <property name="path.separator" value=":"/>
    <property name="os.version" value="4.15.0-34-generic"/>
    <property name="java.endorsed.dirs" value="/usr/lib/jvm/java-8-oracle/jre/lib/endorsed"/>
    <property name="java.runtime.name" value="Java(TM) SE Runtime Environment"/>
    <property name="file.encoding" value="UTF-8"/>
    <property name="java.vm.name" value="Java HotSpot(TM) 64-Bit Server VM"/>
    <property name="localRepository" value="/home/test/.m2/repository"/>
    <property name="cucumber.options" value="--plugin io.qameta.allure.cucumberjvm.AllureCucumberJvm"/>
    <property name="java.vendor.url.bug" value="http://bugreport.sun.com/bugreport/"/>
    <property name="java.io.tmpdir" value="/tmp"/>
    <property name="idea.version" value="2018.3.1"/>
    <property name="java.version" value="1.8.0_181"/>
    <property name="user.dir" value="/home/test/Git/SeleniumTests"/>
    <property name="os.arch" value="amd64"/>
    <property name="java.vm.specification.name" value="Java Virtual Machine Specification"/>
    <property name="java.awt.printerjob" value="sun.print.PSPrinterJob"/>
    <property name="sun.os.patch.level" value="unknown"/>
    <property name="environment" value="linux_application"/>
    <property name="java.library.path" value="/usr/java/packages/lib/amd64:/usr/lib64:/lib64:/lib:/usr/lib"/>
    <property name="java.vm.info" value="mixed mode"/>
    <property name="java.vendor" value="Oracle Corporation"/>
    <property name="java.vm.version" value="25.181-b13"/>
    <property name="java.ext.dirs" value="/usr/lib/jvm/java-8-oracle/jre/lib/ext:/usr/java/packages/lib/ext"/>
    <property name="sun.io.unicode.encoding" value="UnicodeLittle"/>
    <property name="java.class.version" value="52.0"/>
  </properties>
  <testcase name="* подтвержден регион" classname="Сценарий: Заявка на вклад" time="0.001"/>
  <testcase name="* выбран пункт меню &quot;Вклады&quot;" classname="Сценарий: Заявка на вклад" time="0"/>
  <testcase name="* выбран подпункт меню &quot;Накопительные счета&quot;" classname="Сценарий: Заявка на вклад" time="0.004">
    <failure message="Не найден элмент коллеции - Накопительные счета" type="java.lang.AssertionError">java.lang.AssertionError: Не найден элмент коллеции - Накопительные счета
</failure>
  </testcase>
  <testcase name="Сценарий: Заявка на вклад" classname="Сценарий: Заявка на вклад" time="0.005">
    <failure message="Не найден элмент коллеции - Накопительные счета" type="java.lang.AssertionError">java.lang.AssertionError: Не найден элмент коллеции - Накопительные счета
</failure>
  </testcase>
  <testcase name="* выбран вклад &quot;На каждый день&quot;" classname="Сценарий: Заявка на вклад" time="0">
    <skipped/>
  </testcase>
  <testcase name="* выполнено нажатие на &quot;Оставить заявку &quot;" classname="Сценарий: Заявка на вклад" time="0">
    <skipped/>
  </testcase>
  <testcase name="* заполняются поля:" classname="Сценарий: Заявка на вклад" time="0">
    <skipped/>
  </testcase>
  <testcase name="* поля заполнены значениями:" classname="Сценарий: Заявка на вклад" time="0">
    <skipped/>
  </testcase>
  <testcase name="* поле &quot;Выслать код&quot; доступно" classname="Сценарий: Заявка на вклад" time="0">
    <skipped/>
  </testcase>
  <testcase name="* выпадающий список &quot;Город&quot; заполняется значением &quot;Москва&quot;" classname="Сценарий: Заявка на вклад" time="0">
    <skipped/>
  </testcase>
  <testcase name="* выпадающий список &quot;Отделение банка&quot; заполняется значением &quot;732, дополнительный офис «Отделение «Бескудниково»&quot;" classname="Сценарий: Заявка на вклад" time="0">
    <skipped/>
  </testcase>
  <testcase name="* выполнено нажатие на &quot;Я подтверждаю&quot;" classname="Сценарий: Заявка на вклад" time="0">
    <skipped/>
  </testcase>
  <testcase name="* поле &quot;Осталось заполнить Телефон&quot; присутствует" classname="Сценарий: Заявка на вклад" time="0">
    <skipped/>
  </testcase>
  <testcase name="* закрыто всплывающее окно" classname="Сценарий: Перевод клиенту банка" time="0.001">
    <error message="Expected condition failed: waiting for visibility of Proxy element for: DefaultElementLocator &apos;By.xpath: //icon-close&apos; (tried for 60 second(s) with 500 MILLISECONDS interval)" type="org.openqa.selenium.TimeoutException">org.openqa.selenium.TimeoutException: Expected condition failed: waiting for visibility of Proxy element for: DefaultElementLocator 'By.xpath: //icon-close' (tried for 60 second(s) with 500 MILLISECONDS interval)
Caused by: org.openqa.selenium.NoSuchElementException: 
no such element: Unable to locate element: {"method":"xpath","selector":"//icon-close"}
  (Session info: chrome=69.0.3497.100)
  (Driver info: chromedriver=2.42.591071 (0b695ff80972cc1a65a5cd643186d2ae582cd4ac),platform=Linux 4.15.0-34-generic x86_64) (WARNING: The server did not provide any stacktrace information)
Command duration or timeout: 0 milliseconds
For documentation on this error, please visit: http://seleniumhq.org/exceptions/no_such_element.html
Build info: version: '3.8.1', revision: '6e95a6684b', time: '2017-12-01T18:33:54.468Z'
System info: host: 'qa-vp', ip: '127.0.1.1', os.name: 'Linux', os.arch: 'amd64', os.version: '4.15.0-34-generic', java.version: '1.8.0_181'
Driver info: org.openqa.selenium.chrome.ChromeDriver
Capabilities {acceptInsecureCerts: false, acceptSslCerts: false, applicationCacheEnabled: false, browserConnectionEnabled: false, browserName: chrome, chrome: {chromedriverVersion: 2.42.591071 (0b695ff80972cc..., userDataDir: /tmp/.org.chromium.Chromium...}, cssSelectorsEnabled: true, databaseEnabled: false, goog:chromeOptions: {debuggerAddress: localhost:37305}, handlesAlerts: true, hasTouchScreen: false, javascriptEnabled: true, locationContextEnabled: true, mobileEmulationEnabled: false, nativeEvents: true, networkConnectionEnabled: false, pageLoadStrategy: normal, platform: LINUX, platformName: LINUX, rotatable: false, setWindowRect: true, takesHeapSnapshot: true, takesScreenshot: true, unexpectedAlertBehaviour: , unhandledPromptBehavior: , version: 69.0.3497.100, webStorageEnabled: true}
Session ID: 7c3e2c69200693a14ea035192329df03
*** Element info: {Using=xpath, value=//icon-close}
</error>
    <system-err><![CDATA[Starting ChromeDriver 2.42.591071 (0b695ff80972cc1a65a5cd643186d2ae582cd4ac) on port 18652
Only local connections are allowed.
Nov 24, 2018 8:58:29 PM org.openqa.selenium.remote.ProtocolHandshake createSession
INFO: Detected dialect: OSS
]]></system-err>
  </testcase>
  <testcase name="Сценарий: Перевод клиенту банка" classname="Сценарий: Перевод клиенту банка" time="0.001">
    <error message="Expected condition failed: waiting for visibility of Proxy element for: DefaultElementLocator &apos;By.xpath: //icon-close&apos; (tried for 60 second(s) with 500 MILLISECONDS interval)" type="org.openqa.selenium.TimeoutException">org.openqa.selenium.TimeoutException: Expected condition failed: waiting for visibility of Proxy element for: DefaultElementLocator 'By.xpath: //icon-close' (tried for 60 second(s) with 500 MILLISECONDS interval)
Caused by: org.openqa.selenium.NoSuchElementException: 
no such element: Unable to locate element: {"method":"xpath","selector":"//icon-close"}
  (Session info: chrome=69.0.3497.100)
  (Driver info: chromedriver=2.42.591071 (0b695ff80972cc1a65a5cd643186d2ae582cd4ac),platform=Linux 4.15.0-34-generic x86_64) (WARNING: The server did not provide any stacktrace information)
Command duration or timeout: 0 milliseconds
For documentation on this error, please visit: http://seleniumhq.org/exceptions/no_such_element.html
Build info: version: '3.8.1', revision: '6e95a6684b', time: '2017-12-01T18:33:54.468Z'
System info: host: 'qa-vp', ip: '127.0.1.1', os.name: 'Linux', os.arch: 'amd64', os.version: '4.15.0-34-generic', java.version: '1.8.0_181'
Driver info: org.openqa.selenium.chrome.ChromeDriver
Capabilities {acceptInsecureCerts: false, acceptSslCerts: false, applicationCacheEnabled: false, browserConnectionEnabled: false, browserName: chrome, chrome: {chromedriverVersion: 2.42.591071 (0b695ff80972cc..., userDataDir: /tmp/.org.chromium.Chromium...}, cssSelectorsEnabled: true, databaseEnabled: false, goog:chromeOptions: {debuggerAddress: localhost:37305}, handlesAlerts: true, hasTouchScreen: false, javascriptEnabled: true, locationContextEnabled: true, mobileEmulationEnabled: false, nativeEvents: true, networkConnectionEnabled: false, pageLoadStrategy: normal, platform: LINUX, platformName: LINUX, rotatable: false, setWindowRect: true, takesHeapSnapshot: true, takesScreenshot: true, unexpectedAlertBehaviour: , unhandledPromptBehavior: , version: 69.0.3497.100, webStorageEnabled: true}
Session ID: 7c3e2c69200693a14ea035192329df03
*** Element info: {Using=xpath, value=//icon-close}
</error>
  </testcase>
  <testcase name="* загружена страница &quot;TransferPage&quot;" classname="Сценарий: Перевод клиенту банка" time="0">
    <skipped/>
  </testcase>
  <testcase name="* выбран пункт меню &quot;Перевести&quot;" classname="Сценарий: Перевод клиенту банка" time="0">
    <skipped/>
  </testcase>
  <testcase name="* выбран тип перевода &quot;Клиенту банка&quot;" classname="Сценарий: Перевод клиенту банка" time="0">
    <skipped/>
  </testcase>
  <testcase name="* выпадающий список &quot;Счет списания&quot; заполняется значением &quot;Сбережения в рублях&quot;" classname="Сценарий: Перевод клиенту банка" time="0">
    <skipped/>
  </testcase>
  <testcase name="* выполнено нажатие на &quot;По номеру телефона&quot;" classname="Сценарий: Перевод клиенту банка" time="0">
    <skipped/>
  </testcase>
  <testcase name="* заполняются поля:" classname="Сценарий: Перевод клиенту банка" time="0">
    <skipped/>
  </testcase>
  <testcase name="* заполняются поля:" classname="Сценарий: Перевод клиенту банка" time="0">
    <skipped/>
  </testcase>
  <testcase name="* заполняются поля:" classname="Сценарий: Перевод клиенту банка" time="0">
    <skipped/>
  </testcase>
  <testcase name="* поля заполнены значениями:" classname="Сценарий: Перевод клиенту банка" time="0">
    <skipped/>
  </testcase>
  <testcase name="* значение не редактируемого поля &quot;ФИО получателя&quot; равно &quot;Сидоров П.И.&quot;" classname="Сценарий: Перевод клиенту банка" time="0">
    <skipped/>
  </testcase>
  <testcase name="* значение ошибки в поле &quot;Сумма&quot; равно &quot;Сумма перевода должна быть больше 0&quot;" classname="Сценарий: Перевод клиенту банка" time="0">
    <skipped/>
  </testcase>
  <testcase name="* значение ошибки в поле &quot;Сумма&quot; равно &quot;Введенная сумма превышает максимально допустимую (1 000 000,00 ₽)&quot;" classname="Сценарий: Перевод клиенту банка" time="0">
    <skipped/>
  </testcase>
  <testcase name="* значение не редактируемого поля &quot;Коммиссия&quot; равно &quot;0,00 ₽&quot;" classname="Сценарий: Перевод клиенту банка" time="0">
    <skipped/>
  </testcase>
  <testcase name="* поле &quot;Сообщение&quot; заполняется значением &quot;test&quot;" classname="Сценарий: Перевод клиенту банка" time="0">
    <skipped/>
  </testcase>
  <testcase name="* выполнено нажатие на &quot;Перевести&quot;" classname="Сценарий: Перевод клиенту банка" time="0">
    <skipped/>
  </testcase>
  <testcase name="* загружена страница &quot;TransferResultPage&quot;" classname="Сценарий: Перевод клиенту банка" time="0">
    <skipped/>
  </testcase>
  <testcase name="* значение не редактируемого поля &quot;Комиссия&quot; равно &quot;Комиссия не взимается&quot;" classname="Сценарий: Перевод клиенту банка" time="0">
    <skipped/>
  </testcase>
  <testcase name="* значение не редактируемого поля &quot;Сумма перевода&quot; равно &quot;100,00 ₽&quot;" classname="Сценарий: Перевод клиенту банка" time="0">
    <skipped/>
  </testcase>
  <testcase name="* значение не редактируемого поля &quot;ФИО получателя&quot; равно &quot;Сидоров Петр Иванович&quot;" classname="Сценарий: Перевод клиенту банка" time="0">
    <skipped/>
  </testcase>
</testsuite>