{
  "uid" : "cb9993ae0cc0c920",
  "name" : "Перевод клиенту банка",
  "historyId" : "24240ab7899b0ea9fd58587042a2bb24",
  "time" : {
    "start" : 1543082309608,
    "stop" : 1543082553385,
    "duration" : 243777
  },
  "status" : "failed",
  "statusDetails" : {
    "message" : "Expected condition failed: waiting for visibility of Proxy element for: DefaultElementLocator 'By.xpath: //icon-close' (tried for 60 second(s) with 500 MILLISECONDS interval)",
    "trace" : "org.openqa.selenium.TimeoutException: Expected condition failed: waiting for visibility of Proxy element for: DefaultElementLocator 'By.xpath: //icon-close' (tried for 60 second(s) with 500 MILLISECONDS interval)\n\tat org.openqa.selenium.support.ui.WebDriverWait.timeoutException(WebDriverWait.java:82)\n\tat org.openqa.selenium.support.ui.FluentWait.until(FluentWait.java:231)\n\tat ru.raiffeisen.demo.pages.BasePage.click(BasePage.java:54)\n\tat ru.raiffeisen.demo.steps.MainSteps.closeBunner(MainSteps.java:27)\n\tat ✽.* закрыто всплывающее окно(TransferTest.feature:7)\nCaused by: org.openqa.selenium.NoSuchElementException: no such element: Unable to locate element: {\"method\":\"xpath\",\"selector\":\"//icon-close\"}\n  (Session info: chrome=69.0.3497.100)\n  (Driver info: chromedriver=2.42.591071 (0b695ff80972cc1a65a5cd643186d2ae582cd4ac),platform=Linux 4.15.0-34-generic x86_64) (WARNING: The server did not provide any stacktrace information)\nCommand duration or timeout: 0 milliseconds\nFor documentation on this error, please visit: http://seleniumhq.org/exceptions/no_such_element.html\nBuild info: version: '3.8.1', revision: '6e95a6684b', time: '2017-12-01T18:33:54.468Z'\nSystem info: host: 'qa-vp', ip: '127.0.1.1', os.name: 'Linux', os.arch: 'amd64', os.version: '4.15.0-34-generic', java.version: '1.8.0_181'\nDriver info: org.openqa.selenium.chrome.ChromeDriver\nCapabilities {acceptInsecureCerts: false, acceptSslCerts: false, applicationCacheEnabled: false, browserConnectionEnabled: false, browserName: chrome, chrome: {chromedriverVersion: 2.42.591071 (0b695ff80972cc..., userDataDir: /tmp/.org.chromium.Chromium...}, cssSelectorsEnabled: true, databaseEnabled: false, goog:chromeOptions: {debuggerAddress: localhost:37305}, handlesAlerts: true, hasTouchScreen: false, javascriptEnabled: true, locationContextEnabled: true, mobileEmulationEnabled: false, nativeEvents: true, networkConnectionEnabled: false, pageLoadStrategy: normal, platform: LINUX, platformName: LINUX, rotatable: false, setWindowRect: true, takesHeapSnapshot: true, takesScreenshot: true, unexpectedAlertBehaviour: , unhandledPromptBehavior: , version: 69.0.3497.100, webStorageEnabled: true}\nSession ID: 7c3e2c69200693a14ea035192329df03\n*** Element info: {Using=xpath, value=//icon-close}\n\tat sun.reflect.NativeConstructorAccessorImpl.newInstance0(Native Method)\n\tat sun.reflect.NativeConstructorAccessorImpl.newInstance(NativeConstructorAccessorImpl.java:62)\n\tat sun.reflect.DelegatingConstructorAccessorImpl.newInstance(DelegatingConstructorAccessorImpl.java:45)\n\tat java.lang.reflect.Constructor.newInstance(Constructor.java:423)\n\tat org.openqa.selenium.remote.ErrorHandler.createThrowable(ErrorHandler.java:214)\n\tat org.openqa.selenium.remote.ErrorHandler.throwIfResponseFailed(ErrorHandler.java:166)\n\tat org.openqa.selenium.remote.http.JsonHttpResponseCodec.reconstructValue(JsonHttpResponseCodec.java:40)\n\tat org.openqa.selenium.remote.http.AbstractHttpResponseCodec.decode(AbstractHttpResponseCodec.java:80)\n\tat org.openqa.selenium.remote.http.AbstractHttpResponseCodec.decode(AbstractHttpResponseCodec.java:44)\n\tat org.openqa.selenium.remote.HttpCommandExecutor.execute(HttpCommandExecutor.java:164)\n\tat org.openqa.selenium.remote.service.DriverCommandExecutor.execute(DriverCommandExecutor.java:83)\n\tat org.openqa.selenium.remote.RemoteWebDriver.execute(RemoteWebDriver.java:601)\n\tat org.openqa.selenium.remote.RemoteWebDriver.findElement(RemoteWebDriver.java:371)\n\tat org.openqa.selenium.remote.RemoteWebDriver.findElementByXPath(RemoteWebDriver.java:473)\n\tat org.openqa.selenium.By$ByXPath.findElement(By.java:361)\n\tat org.openqa.selenium.remote.RemoteWebDriver.findElement(RemoteWebDriver.java:363)\n\tat org.openqa.selenium.support.pagefactory.DefaultElementLocator.findElement(DefaultElementLocator.java:69)\n\tat org.openqa.selenium.support.pagefactory.internal.LocatingElementHandler.invoke(LocatingElementHandler.java:38)\n\tat com.sun.proxy.$Proxy17.isDisplayed(Unknown Source)\n\tat org.openqa.selenium.support.ui.ExpectedConditions.elementIfVisible(ExpectedConditions.java:301)\n\tat org.openqa.selenium.support.ui.ExpectedConditions.access$100(ExpectedConditions.java:43)\n\tat org.openqa.selenium.support.ui.ExpectedConditions$10.apply(ExpectedConditions.java:287)\n\tat org.openqa.selenium.support.ui.ExpectedConditions$10.apply(ExpectedConditions.java:284)\n\tat org.openqa.selenium.support.ui.FluentWait.until(FluentWait.java:208)\n\tat ru.raiffeisen.demo.pages.BasePage.click(BasePage.java:54)\n\tat ru.raiffeisen.demo.steps.MainSteps.closeBunner(MainSteps.java:27)\n\tat sun.reflect.NativeMethodAccessorImpl.invoke0(Native Method)\n\tat sun.reflect.NativeMethodAccessorImpl.invoke(NativeMethodAccessorImpl.java:62)\n\tat sun.reflect.DelegatingMethodAccessorImpl.invoke(DelegatingMethodAccessorImpl.java:43)\n\tat java.lang.reflect.Method.invoke(Method.java:498)\n\tat cucumber.runtime.Utils$1.call(Utils.java:40)\n\tat cucumber.runtime.Timeout.timeout(Timeout.java:16)\n\tat cucumber.runtime.Utils.invoke(Utils.java:34)\n\tat cucumber.runtime.java.JavaStepDefinition.execute(JavaStepDefinition.java:38)\n\tat cucumber.runtime.StepDefinitionMatch.runStep(StepDefinitionMatch.java:37)\n\tat cucumber.runtime.Runtime.runStep(Runtime.java:300)\n\tat cucumber.runtime.model.StepContainer.runStep(StepContainer.java:44)\n\tat cucumber.runtime.model.StepContainer.runSteps(StepContainer.java:39)\n\tat cucumber.runtime.model.CucumberScenario.run(CucumberScenario.java:44)\n\tat cucumber.runtime.junit.ExecutionUnitRunner.run(ExecutionUnitRunner.java:102)\n\tat cucumber.runtime.junit.FeatureRunner.runChild(FeatureRunner.java:63)\n\tat cucumber.runtime.junit.FeatureRunner.runChild(FeatureRunner.java:18)\n\tat org.junit.runners.ParentRunner$3.run(ParentRunner.java:290)\n\tat org.junit.runners.ParentRunner$1.schedule(ParentRunner.java:71)\n\tat org.junit.runners.ParentRunner.runChildren(ParentRunner.java:288)\n\tat org.junit.runners.ParentRunner.access$000(ParentRunner.java:58)\n\tat org.junit.runners.ParentRunner$2.evaluate(ParentRunner.java:268)\n\tat org.junit.runners.ParentRunner.run(ParentRunner.java:363)\n\tat cucumber.runtime.junit.FeatureRunner.run(FeatureRunner.java:70)\n\tat cucumber.api.junit.Cucumber.runChild(Cucumber.java:95)\n\tat cucumber.api.junit.Cucumber.runChild(Cucumber.java:38)\n\tat org.junit.runners.ParentRunner$3.run(ParentRunner.java:290)\n\tat org.junit.runners.ParentRunner$1.schedule(ParentRunner.java:71)\n\tat org.junit.runners.ParentRunner.runChildren(ParentRunner.java:288)\n\tat org.junit.runners.ParentRunner.access$000(ParentRunner.java:58)\n\tat org.junit.runners.ParentRunner$2.evaluate(ParentRunner.java:268)\n\tat org.junit.runners.ParentRunner.run(ParentRunner.java:363)\n\tat cucumber.api.junit.Cucumber.run(Cucumber.java:100)\n\tat org.apache.maven.surefire.junit4.JUnit4Provider.execute(JUnit4Provider.java:369)\n\tat org.apache.maven.surefire.junit4.JUnit4Provider.executeWithRerun(JUnit4Provider.java:275)\n\tat org.apache.maven.surefire.junit4.JUnit4Provider.executeTestSet(JUnit4Provider.java:239)\n\tat org.apache.maven.surefire.junit4.JUnit4Provider.invoke(JUnit4Provider.java:160)\n\tat org.apache.maven.surefire.booter.ForkedBooter.invokeProviderInSameClassLoader(ForkedBooter.java:373)\n\tat org.apache.maven.surefire.booter.ForkedBooter.runSuitesInProcess(ForkedBooter.java:334)\n\tat org.apache.maven.surefire.booter.ForkedBooter.execute(ForkedBooter.java:119)\n\tat org.apache.maven.surefire.booter.ForkedBooter.main(ForkedBooter.java:407)\n",
    "flaky" : false
  },
  "beforeStages" : [ ],
  "testStage" : {
    "status" : "failed",
    "statusDetails" : {
      "message" : "Expected condition failed: waiting for visibility of Proxy element for: DefaultElementLocator 'By.xpath: //icon-close' (tried for 60 second(s) with 500 MILLISECONDS interval)",
      "trace" : "org.openqa.selenium.TimeoutException: Expected condition failed: waiting for visibility of Proxy element for: DefaultElementLocator 'By.xpath: //icon-close' (tried for 60 second(s) with 500 MILLISECONDS interval)\n\tat org.openqa.selenium.support.ui.WebDriverWait.timeoutException(WebDriverWait.java:82)\n\tat org.openqa.selenium.support.ui.FluentWait.until(FluentWait.java:231)\n\tat ru.raiffeisen.demo.pages.BasePage.click(BasePage.java:54)\n\tat ru.raiffeisen.demo.steps.MainSteps.closeBunner(MainSteps.java:27)\n\tat ✽.* закрыто всплывающее окно(TransferTest.feature:7)\nCaused by: org.openqa.selenium.NoSuchElementException: no such element: Unable to locate element: {\"method\":\"xpath\",\"selector\":\"//icon-close\"}\n  (Session info: chrome=69.0.3497.100)\n  (Driver info: chromedriver=2.42.591071 (0b695ff80972cc1a65a5cd643186d2ae582cd4ac),platform=Linux 4.15.0-34-generic x86_64) (WARNING: The server did not provide any stacktrace information)\nCommand duration or timeout: 0 milliseconds\nFor documentation on this error, please visit: http://seleniumhq.org/exceptions/no_such_element.html\nBuild info: version: '3.8.1', revision: '6e95a6684b', time: '2017-12-01T18:33:54.468Z'\nSystem info: host: 'qa-vp', ip: '127.0.1.1', os.name: 'Linux', os.arch: 'amd64', os.version: '4.15.0-34-generic', java.version: '1.8.0_181'\nDriver info: org.openqa.selenium.chrome.ChromeDriver\nCapabilities {acceptInsecureCerts: false, acceptSslCerts: false, applicationCacheEnabled: false, browserConnectionEnabled: false, browserName: chrome, chrome: {chromedriverVersion: 2.42.591071 (0b695ff80972cc..., userDataDir: /tmp/.org.chromium.Chromium...}, cssSelectorsEnabled: true, databaseEnabled: false, goog:chromeOptions: {debuggerAddress: localhost:37305}, handlesAlerts: true, hasTouchScreen: false, javascriptEnabled: true, locationContextEnabled: true, mobileEmulationEnabled: false, nativeEvents: true, networkConnectionEnabled: false, pageLoadStrategy: normal, platform: LINUX, platformName: LINUX, rotatable: false, setWindowRect: true, takesHeapSnapshot: true, takesScreenshot: true, unexpectedAlertBehaviour: , unhandledPromptBehavior: , version: 69.0.3497.100, webStorageEnabled: true}\nSession ID: 7c3e2c69200693a14ea035192329df03\n*** Element info: {Using=xpath, value=//icon-close}\n\tat sun.reflect.NativeConstructorAccessorImpl.newInstance0(Native Method)\n\tat sun.reflect.NativeConstructorAccessorImpl.newInstance(NativeConstructorAccessorImpl.java:62)\n\tat sun.reflect.DelegatingConstructorAccessorImpl.newInstance(DelegatingConstructorAccessorImpl.java:45)\n\tat java.lang.reflect.Constructor.newInstance(Constructor.java:423)\n\tat org.openqa.selenium.remote.ErrorHandler.createThrowable(ErrorHandler.java:214)\n\tat org.openqa.selenium.remote.ErrorHandler.throwIfResponseFailed(ErrorHandler.java:166)\n\tat org.openqa.selenium.remote.http.JsonHttpResponseCodec.reconstructValue(JsonHttpResponseCodec.java:40)\n\tat org.openqa.selenium.remote.http.AbstractHttpResponseCodec.decode(AbstractHttpResponseCodec.java:80)\n\tat org.openqa.selenium.remote.http.AbstractHttpResponseCodec.decode(AbstractHttpResponseCodec.java:44)\n\tat org.openqa.selenium.remote.HttpCommandExecutor.execute(HttpCommandExecutor.java:164)\n\tat org.openqa.selenium.remote.service.DriverCommandExecutor.execute(DriverCommandExecutor.java:83)\n\tat org.openqa.selenium.remote.RemoteWebDriver.execute(RemoteWebDriver.java:601)\n\tat org.openqa.selenium.remote.RemoteWebDriver.findElement(RemoteWebDriver.java:371)\n\tat org.openqa.selenium.remote.RemoteWebDriver.findElementByXPath(RemoteWebDriver.java:473)\n\tat org.openqa.selenium.By$ByXPath.findElement(By.java:361)\n\tat org.openqa.selenium.remote.RemoteWebDriver.findElement(RemoteWebDriver.java:363)\n\tat org.openqa.selenium.support.pagefactory.DefaultElementLocator.findElement(DefaultElementLocator.java:69)\n\tat org.openqa.selenium.support.pagefactory.internal.LocatingElementHandler.invoke(LocatingElementHandler.java:38)\n\tat com.sun.proxy.$Proxy17.isDisplayed(Unknown Source)\n\tat org.openqa.selenium.support.ui.ExpectedConditions.elementIfVisible(ExpectedConditions.java:301)\n\tat org.openqa.selenium.support.ui.ExpectedConditions.access$100(ExpectedConditions.java:43)\n\tat org.openqa.selenium.support.ui.ExpectedConditions$10.apply(ExpectedConditions.java:287)\n\tat org.openqa.selenium.support.ui.ExpectedConditions$10.apply(ExpectedConditions.java:284)\n\tat org.openqa.selenium.support.ui.FluentWait.until(FluentWait.java:208)\n\tat ru.raiffeisen.demo.pages.BasePage.click(BasePage.java:54)\n\tat ru.raiffeisen.demo.steps.MainSteps.closeBunner(MainSteps.java:27)\n\tat sun.reflect.NativeMethodAccessorImpl.invoke0(Native Method)\n\tat sun.reflect.NativeMethodAccessorImpl.invoke(NativeMethodAccessorImpl.java:62)\n\tat sun.reflect.DelegatingMethodAccessorImpl.invoke(DelegatingMethodAccessorImpl.java:43)\n\tat java.lang.reflect.Method.invoke(Method.java:498)\n\tat cucumber.runtime.Utils$1.call(Utils.java:40)\n\tat cucumber.runtime.Timeout.timeout(Timeout.java:16)\n\tat cucumber.runtime.Utils.invoke(Utils.java:34)\n\tat cucumber.runtime.java.JavaStepDefinition.execute(JavaStepDefinition.java:38)\n\tat cucumber.runtime.StepDefinitionMatch.runStep(StepDefinitionMatch.java:37)\n\tat cucumber.runtime.Runtime.runStep(Runtime.java:300)\n\tat cucumber.runtime.model.StepContainer.runStep(StepContainer.java:44)\n\tat cucumber.runtime.model.StepContainer.runSteps(StepContainer.java:39)\n\tat cucumber.runtime.model.CucumberScenario.run(CucumberScenario.java:44)\n\tat cucumber.runtime.junit.ExecutionUnitRunner.run(ExecutionUnitRunner.java:102)\n\tat cucumber.runtime.junit.FeatureRunner.runChild(FeatureRunner.java:63)\n\tat cucumber.runtime.junit.FeatureRunner.runChild(FeatureRunner.java:18)\n\tat org.junit.runners.ParentRunner$3.run(ParentRunner.java:290)\n\tat org.junit.runners.ParentRunner$1.schedule(ParentRunner.java:71)\n\tat org.junit.runners.ParentRunner.runChildren(ParentRunner.java:288)\n\tat org.junit.runners.ParentRunner.access$000(ParentRunner.java:58)\n\tat org.junit.runners.ParentRunner$2.evaluate(ParentRunner.java:268)\n\tat org.junit.runners.ParentRunner.run(ParentRunner.java:363)\n\tat cucumber.runtime.junit.FeatureRunner.run(FeatureRunner.java:70)\n\tat cucumber.api.junit.Cucumber.runChild(Cucumber.java:95)\n\tat cucumber.api.junit.Cucumber.runChild(Cucumber.java:38)\n\tat org.junit.runners.ParentRunner$3.run(ParentRunner.java:290)\n\tat org.junit.runners.ParentRunner$1.schedule(ParentRunner.java:71)\n\tat org.junit.runners.ParentRunner.runChildren(ParentRunner.java:288)\n\tat org.junit.runners.ParentRunner.access$000(ParentRunner.java:58)\n\tat org.junit.runners.ParentRunner$2.evaluate(ParentRunner.java:268)\n\tat org.junit.runners.ParentRunner.run(ParentRunner.java:363)\n\tat cucumber.api.junit.Cucumber.run(Cucumber.java:100)\n\tat org.apache.maven.surefire.junit4.JUnit4Provider.execute(JUnit4Provider.java:369)\n\tat org.apache.maven.surefire.junit4.JUnit4Provider.executeWithRerun(JUnit4Provider.java:275)\n\tat org.apache.maven.surefire.junit4.JUnit4Provider.executeTestSet(JUnit4Provider.java:239)\n\tat org.apache.maven.surefire.junit4.JUnit4Provider.invoke(JUnit4Provider.java:160)\n\tat org.apache.maven.surefire.booter.ForkedBooter.invokeProviderInSameClassLoader(ForkedBooter.java:373)\n\tat org.apache.maven.surefire.booter.ForkedBooter.runSuitesInProcess(ForkedBooter.java:334)\n\tat org.apache.maven.surefire.booter.ForkedBooter.execute(ForkedBooter.java:119)\n\tat org.apache.maven.surefire.booter.ForkedBooter.main(ForkedBooter.java:407)\n",
      "flaky" : false
    },
    "steps" : [ {
      "name" : "BaseSteps.startScenario()",
      "time" : {
        "start" : 1543082313138,
        "stop" : 1543082313138,
        "duration" : 0
      },
      "status" : "passed",
      "hasContent" : false,
      "attachmentsCount" : 0,
      "stepsCount" : 0,
      "steps" : [ ],
      "attachments" : [ ],
      "parameters" : [ ]
    }, {
      "name" : "*  закрыто всплывающее окно",
      "time" : {
        "start" : 1543082313138,
        "stop" : 1543082553309,
        "duration" : 240171
      },
      "status" : "failed",
      "hasContent" : false,
      "attachmentsCount" : 0,
      "stepsCount" : 0,
      "steps" : [ ],
      "attachments" : [ ],
      "parameters" : [ ]
    }, {
      "name" : "*  загружена страница \"TransferPage\"",
      "time" : {
        "start" : 1543082553309,
        "stop" : 1543082553309,
        "duration" : 0
      },
      "status" : "skipped",
      "hasContent" : false,
      "attachmentsCount" : 0,
      "stepsCount" : 0,
      "steps" : [ ],
      "attachments" : [ ],
      "parameters" : [ ]
    }, {
      "name" : "*  выбран пункт меню \"Перевести\"",
      "time" : {
        "start" : 1543082553309,
        "stop" : 1543082553310,
        "duration" : 1
      },
      "status" : "skipped",
      "hasContent" : false,
      "attachmentsCount" : 0,
      "stepsCount" : 0,
      "steps" : [ ],
      "attachments" : [ ],
      "parameters" : [ ]
    }, {
      "name" : "*  выбран тип перевода \"Клиенту банка\"",
      "time" : {
        "start" : 1543082553310,
        "stop" : 1543082553310,
        "duration" : 0
      },
      "status" : "skipped",
      "hasContent" : false,
      "attachmentsCount" : 0,
      "stepsCount" : 0,
      "steps" : [ ],
      "attachments" : [ ],
      "parameters" : [ ]
    }, {
      "name" : "*  выпадающий список \"Счет списания\" заполняется значением \"Сбережения в рублях\"",
      "time" : {
        "start" : 1543082553310,
        "stop" : 1543082553311,
        "duration" : 1
      },
      "status" : "skipped",
      "hasContent" : false,
      "attachmentsCount" : 0,
      "stepsCount" : 0,
      "steps" : [ ],
      "attachments" : [ ],
      "parameters" : [ ]
    }, {
      "name" : "*  выполнено нажатие на \"По номеру телефона\"",
      "time" : {
        "start" : 1543082553311,
        "stop" : 1543082553311,
        "duration" : 0
      },
      "status" : "skipped",
      "hasContent" : false,
      "attachmentsCount" : 0,
      "stepsCount" : 0,
      "steps" : [ ],
      "attachments" : [ ],
      "parameters" : [ ]
    }, {
      "name" : "*  заполняются поля:",
      "time" : {
        "start" : 1543082553311,
        "stop" : 1543082553311,
        "duration" : 0
      },
      "status" : "skipped",
      "hasContent" : true,
      "attachmentsCount" : 1,
      "stepsCount" : 0,
      "steps" : [ ],
      "attachments" : [ {
        "uid" : "d2e463ed48ce3db1",
        "name" : "Data table",
        "source" : "d2e463ed48ce3db1.csv",
        "type" : "text/tab-separated-values",
        "size" : 73
      } ],
      "parameters" : [ ]
    }, {
      "name" : "*  поля заполнены значениями:",
      "time" : {
        "start" : 1543082553312,
        "stop" : 1543082553312,
        "duration" : 0
      },
      "status" : "skipped",
      "hasContent" : true,
      "attachmentsCount" : 1,
      "stepsCount" : 0,
      "steps" : [ ],
      "attachments" : [ {
        "uid" : "e5e436711abc5fd2",
        "name" : "Data table",
        "source" : "e5e436711abc5fd2.csv",
        "type" : "text/tab-separated-values",
        "size" : 67
      } ],
      "parameters" : [ ]
    }, {
      "name" : "*  значение не редактируемого поля \"ФИО получателя\" равно \"Сидоров П.И.\"",
      "time" : {
        "start" : 1543082553312,
        "stop" : 1543082553312,
        "duration" : 0
      },
      "status" : "skipped",
      "hasContent" : false,
      "attachmentsCount" : 0,
      "stepsCount" : 0,
      "steps" : [ ],
      "attachments" : [ ],
      "parameters" : [ ]
    }, {
      "name" : "*  значение ошибки в поле \"Сумма\" равно \"Сумма перевода должна быть больше 0\"",
      "time" : {
        "start" : 1543082553313,
        "stop" : 1543082553313,
        "duration" : 0
      },
      "status" : "skipped",
      "hasContent" : false,
      "attachmentsCount" : 0,
      "stepsCount" : 0,
      "steps" : [ ],
      "attachments" : [ ],
      "parameters" : [ ]
    }, {
      "name" : "*  заполняются поля:",
      "time" : {
        "start" : 1543082553313,
        "stop" : 1543082553313,
        "duration" : 0
      },
      "status" : "skipped",
      "hasContent" : true,
      "attachmentsCount" : 1,
      "stepsCount" : 0,
      "steps" : [ ],
      "attachments" : [ {
        "uid" : "8a5c28fb465d0427",
        "name" : "Data table",
        "source" : "8a5c28fb465d0427.csv",
        "type" : "text/tab-separated-values",
        "size" : 25
      } ],
      "parameters" : [ ]
    }, {
      "name" : "*  значение ошибки в поле \"Сумма\" равно \"Введенная сумма превышает максимально допустимую (1 000 000,00 ₽)\"",
      "time" : {
        "start" : 1543082553314,
        "stop" : 1543082553314,
        "duration" : 0
      },
      "status" : "skipped",
      "hasContent" : false,
      "attachmentsCount" : 0,
      "stepsCount" : 0,
      "steps" : [ ],
      "attachments" : [ ],
      "parameters" : [ ]
    }, {
      "name" : "*  заполняются поля:",
      "time" : {
        "start" : 1543082553314,
        "stop" : 1543082553314,
        "duration" : 0
      },
      "status" : "skipped",
      "hasContent" : true,
      "attachmentsCount" : 1,
      "stepsCount" : 0,
      "steps" : [ ],
      "attachments" : [ {
        "uid" : "2f84f5b44f07516a",
        "name" : "Data table",
        "source" : "2f84f5b44f07516a.csv",
        "type" : "text/tab-separated-values",
        "size" : 15
      } ],
      "parameters" : [ ]
    }, {
      "name" : "*  значение не редактируемого поля \"Коммиссия\" равно \"0,00 ₽\"",
      "time" : {
        "start" : 1543082553314,
        "stop" : 1543082553315,
        "duration" : 1
      },
      "status" : "skipped",
      "hasContent" : false,
      "attachmentsCount" : 0,
      "stepsCount" : 0,
      "steps" : [ ],
      "attachments" : [ ],
      "parameters" : [ ]
    }, {
      "name" : "*  поле \"Сообщение\" заполняется значением \"test\"",
      "time" : {
        "start" : 1543082553315,
        "stop" : 1543082553315,
        "duration" : 0
      },
      "status" : "skipped",
      "hasContent" : false,
      "attachmentsCount" : 0,
      "stepsCount" : 0,
      "steps" : [ ],
      "attachments" : [ ],
      "parameters" : [ ]
    }, {
      "name" : "*  выполнено нажатие на \"Перевести\"",
      "time" : {
        "start" : 1543082553315,
        "stop" : 1543082553315,
        "duration" : 0
      },
      "status" : "skipped",
      "hasContent" : false,
      "attachmentsCount" : 0,
      "stepsCount" : 0,
      "steps" : [ ],
      "attachments" : [ ],
      "parameters" : [ ]
    }, {
      "name" : "*  загружена страница \"TransferResultPage\"",
      "time" : {
        "start" : 1543082553315,
        "stop" : 1543082553316,
        "duration" : 1
      },
      "status" : "skipped",
      "hasContent" : false,
      "attachmentsCount" : 0,
      "stepsCount" : 0,
      "steps" : [ ],
      "attachments" : [ ],
      "parameters" : [ ]
    }, {
      "name" : "*  значение не редактируемого поля \"Комиссия\" равно \"Комиссия не взимается\"",
      "time" : {
        "start" : 1543082553316,
        "stop" : 1543082553316,
        "duration" : 0
      },
      "status" : "skipped",
      "hasContent" : false,
      "attachmentsCount" : 0,
      "stepsCount" : 0,
      "steps" : [ ],
      "attachments" : [ ],
      "parameters" : [ ]
    }, {
      "name" : "*  значение не редактируемого поля \"Сумма перевода\" равно \"100,00 ₽\"",
      "time" : {
        "start" : 1543082553316,
        "stop" : 1543082553316,
        "duration" : 0
      },
      "status" : "skipped",
      "hasContent" : false,
      "attachmentsCount" : 0,
      "stepsCount" : 0,
      "steps" : [ ],
      "attachments" : [ ],
      "parameters" : [ ]
    }, {
      "name" : "*  значение не редактируемого поля \"ФИО получателя\" равно \"Сидоров Петр Иванович\"",
      "time" : {
        "start" : 1543082553316,
        "stop" : 1543082553317,
        "duration" : 1
      },
      "status" : "skipped",
      "hasContent" : false,
      "attachmentsCount" : 0,
      "stepsCount" : 0,
      "steps" : [ ],
      "attachments" : [ ],
      "parameters" : [ ]
    }, {
      "name" : "BaseSteps.afterScenario()",
      "time" : {
        "start" : 1543082553385,
        "stop" : 1543082553385,
        "duration" : 0
      },
      "status" : "passed",
      "hasContent" : false,
      "attachmentsCount" : 0,
      "stepsCount" : 0,
      "steps" : [ ],
      "attachments" : [ ],
      "parameters" : [ ]
    } ],
    "attachments" : [ ],
    "hasContent" : true,
    "attachmentsCount" : 4,
    "stepsCount" : 22
  },
  "afterStages" : [ ],
  "labels" : [ {
    "name" : "feature",
    "value" : "Инетернет - банк"
  }, {
    "name" : "story",
    "value" : "Перевод клиенту банка"
  }, {
    "name" : "tag",
    "value" : "web"
  }, {
    "name" : "host",
    "value" : "qa-vp"
  }, {
    "name" : "package",
    "value" : "Инетернет - банк"
  }, {
    "name" : "suite",
    "value" : "Инетернет - банк"
  }, {
    "name" : "testClass",
    "value" : "Перевод клиенту банка"
  }, {
    "name" : "thread",
    "value" : "16985@qa-vp.main(1)"
  } ],
  "parameters" : [ ],
  "links" : [ ],
  "hidden" : false,
  "extra" : {
    "severity" : "normal",
    "categories" : [ {
      "name" : "Product defects"
    } ]
  }
}